tractivity_Changes/build/outputs/logs/manifest-merger-debug-report.txt
-- Merging decision tree log ---
manifest
ADDED from src\main\AndroidManifest.xml:2:1-147:12
	package
		ADDED from src\main\AndroidManifest.xml:4:5-45
		INJECTED from src\main\AndroidManifest.xml
		INJECTED from src\main\AndroidManifest.xml
	android:versionName
		ADDED from src\main\AndroidManifest.xml:6:5-32
		INJECTED from src\main\AndroidManifest.xml
		INJECTED from src\main\AndroidManifest.xml
	xmlns:tools
		ADDED from src\main\AndroidManifest.xml:3:5-51
	android:versionCode
		ADDED from src\main\AndroidManifest.xml:5:5-29
		INJECTED from src\main\AndroidManifest.xml
		INJECTED from src\main\AndroidManifest.xml
	xmlns:android
		ADDED from src\main\AndroidManifest.xml:2:11-69
supports-screens
ADDED from src\main\AndroidManifest.xml:8:5-14:40
	android:largeScreens
		ADDED from src\main\AndroidManifest.xml:10:9-36
	android:smallScreens
		ADDED from src\main\AndroidManifest.xml:13:9-36
	android:normalScreens
		ADDED from src\main\AndroidManifest.xml:11:9-37
	android:xlargeScreens
		ADDED from src\main\AndroidManifest.xml:14:9-37
	android:resizeable
		ADDED from src\main\AndroidManifest.xml:12:9-34
	android:anyDensity
		ADDED from src\main\AndroidManifest.xml:9:9-34
uses-permission#android.permission.INTERNET
ADDED from src\main\AndroidManifest.xml:16:5-67
	android:name
		ADDED from src\main\AndroidManifest.xml:16:22-64
uses-permission#android.permission.READ_PHONE_STATE
ADDED from src\main\AndroidManifest.xml:17:5-75
	android:name
		ADDED from src\main\AndroidManifest.xml:17:22-72
uses-permission#android.permission.ACCESS_NETWORK_STATE
ADDED from src\main\AndroidManifest.xml:18:5-79
	android:name
		ADDED from src\main\AndroidManifest.xml:18:22-76
uses-permission#android.permission.CHANGE_NETWORK_STATE
ADDED from src\main\AndroidManifest.xml:19:5-79
	android:name
		ADDED from src\main\AndroidManifest.xml:19:22-76
uses-permission#android.permission.ACCESS_WIFI_STATE
ADDED from src\main\AndroidManifest.xml:20:5-76
	android:name
		ADDED from src\main\AndroidManifest.xml:20:22-73
uses-permission#android.permission.CHANGE_WIFI_STATE
ADDED from src\main\AndroidManifest.xml:21:5-76
	android:name
		ADDED from src\main\AndroidManifest.xml:21:22-73
uses-permission#android.permission.WRITE_EXTERNAL_STORAGE
ADDED from src\main\AndroidManifest.xml:22:5-81
	android:name
		ADDED from src\main\AndroidManifest.xml:22:22-78
uses-permission#android.permission.ACCESS_FINE_LOCATION
ADDED from src\main\AndroidManifest.xml:23:5-79
	android:name
		ADDED from src\main\AndroidManifest.xml:23:22-76
uses-permission#android.permission.ACCESS_COARSE_LOCATION
ADDED from src\main\AndroidManifest.xml:24:5-81
	android:name
		ADDED from src\main\AndroidManifest.xml:24:22-78
uses-permission#android.permission.READ_EXTERN_STORAGE
ADDED from src\main\AndroidManifest.xml:25:5-77
	android:name
		ADDED from src\main\AndroidManifest.xml:25:22-75
application
ADDED from src\main\AndroidManifest.xml:27:5-145:19
MERGED from [com.android.support:appcompat-v7:19.1.0] AndroidManifest.xml:19:5-20
MERGED from [com.journeyapps:zxing-android-embedded:3.0.2] AndroidManifest.xml:47:5-55:19
	android:label
		ADDED from src\main\AndroidManifest.xml:30:9-41
	android:allowBackup
		ADDED from src\main\AndroidManifest.xml:28:9-35
	android:icon
		ADDED from src\main\AndroidManifest.xml:29:9-45
	android:theme
		ADDED from src\main\AndroidManifest.xml:31:9-62
activity#com.trac.android.tractivity.configuration.ConfigHostURLiTrac
ADDED from src\main\AndroidManifest.xml:32:9-44:20
	android:screenOrientation
		ADDED from src\main\AndroidManifest.xml:36:13-49
	android:label
		ADDED from src\main\AndroidManifest.xml:35:13-45
	android:windowSoftInputMode
		ADDED from src\main\AndroidManifest.xml:38:13-60
	android:configChanges
		ADDED from src\main\AndroidManifest.xml:34:13-63
	android:theme
		ADDED from src\main\AndroidManifest.xml:37:13-55
	android:name
		ADDED from src\main\AndroidManifest.xml:33:13-88
intent-filter#android.intent.action.MAIN+android.intent.category.LAUNCHER
ADDED from src\main\AndroidManifest.xml:39:13-43:29
action#android.intent.action.MAIN
ADDED from src\main\AndroidManifest.xml:40:17-69
	android:name
		ADDED from src\main\AndroidManifest.xml:40:25-66
category#android.intent.category.LAUNCHER
ADDED from src\main\AndroidManifest.xml:42:17-77
	android:name
		ADDED from src\main\AndroidManifest.xml:42:27-74
activity#com.trac.android.tractivity.login.LoginPage
ADDED from src\main\AndroidManifest.xml:45:9-51:63
	android:screenOrientation
		ADDED from src\main\AndroidManifest.xml:49:13-49
	android:label
		ADDED from src\main\AndroidManifest.xml:48:13-45
	android:windowSoftInputMode
		ADDED from src\main\AndroidManifest.xml:51:13-60
	android:configChanges
		ADDED from src\main\AndroidManifest.xml:47:13-63
	android:theme
		ADDED from src\main\AndroidManifest.xml:50:13-55
	android:name
		ADDED from src\main\AndroidManifest.xml:46:13-71
activity#com.trac.android.tractivity.logs.LogiTrac
ADDED from src\main\AndroidManifest.xml:52:9-58:63
	android:screenOrientation
		ADDED from src\main\AndroidManifest.xml:56:13-49
	android:label
		ADDED from src\main\AndroidManifest.xml:55:13-45
	android:windowSoftInputMode
		ADDED from src\main\AndroidManifest.xml:58:13-60
	android:configChanges
		ADDED from src\main\AndroidManifest.xml:54:13-63
	android:theme
		ADDED from src\main\AndroidManifest.xml:57:13-55
	android:name
		ADDED from src\main\AndroidManifest.xml:53:13-69
activity#com.trac.android.tractivity.logs.NewiTrac
ADDED from src\main\AndroidManifest.xml:59:9-65:58
	android:screenOrientation
		ADDED from src\main\AndroidManifest.xml:64:13-49
	android:label
		ADDED from src\main\AndroidManifest.xml:63:13-45
	android:inputType
		ADDED from src\main\AndroidManifest.xml:62:13-55
	android:configChanges
		ADDED from src\main\AndroidManifest.xml:61:13-63
	android:theme
		ADDED from src\main\AndroidManifest.xml:65:13-55
	android:name
		ADDED from src\main\AndroidManifest.xml:60:13-69
activity#com.trac.android.tractivity.configuration.NetworkMemoryList
ADDED from src\main\AndroidManifest.xml:66:9-72:63
	android:screenOrientation
		ADDED from src\main\AndroidManifest.xml:70:13-49
	android:label
		ADDED from src\main\AndroidManifest.xml:69:13-45
	android:windowSoftInputMode
		ADDED from src\main\AndroidManifest.xml:72:13-60
	android:configChanges
		ADDED from src\main\AndroidManifest.xml:68:13-63
	android:theme
		ADDED from src\main\AndroidManifest.xml:71:13-55
	android:name
		ADDED from src\main\AndroidManifest.xml:67:13-87
activity#com.trac.android.tractivity.V1.menu.activities.ETCiTrac
ADDED from src\main\AndroidManifest.xml:73:9-79:63
	android:screenOrientation
		ADDED from src\main\AndroidManifest.xml:77:13-49
	android:label
		ADDED from src\main\AndroidManifest.xml:76:13-45
	android:windowSoftInputMode
		ADDED from src\main\AndroidManifest.xml:79:13-60
	android:configChanges
		ADDED from src\main\AndroidManifest.xml:75:13-63
	android:theme
		ADDED from src\main\AndroidManifest.xml:78:13-55
	android:name
		ADDED from src\main\AndroidManifest.xml:74:13-53
activity#com.trac.android.tractivity.V1.menu.activities.MaterialiTrac
ADDED from src\main\AndroidManifest.xml:80:9-86:63
	android:screenOrientation
		ADDED from src\main\AndroidManifest.xml:84:13-49
	android:label
		ADDED from src\main\AndroidManifest.xml:83:13-45
	android:windowSoftInputMode
		ADDED from src\main\AndroidManifest.xml:86:13-60
	android:configChanges
		ADDED from src\main\AndroidManifest.xml:82:13-63
	android:theme
		ADDED from src\main\AndroidManifest.xml:85:13-55
	android:name
		ADDED from src\main\AndroidManifest.xml:81:13-58
activity#com.trac.android.tractivity.V1.menu.activities.QtyCompletediTrac
ADDED from src\main\AndroidManifest.xml:87:9-93:63
	android:screenOrientation
		ADDED from src\main\AndroidManifest.xml:91:13-49
	android:label
		ADDED from src\main\AndroidManifest.xml:90:13-45
	android:windowSoftInputMode
		ADDED from src\main\AndroidManifest.xml:93:13-60
	android:configChanges
		ADDED from src\main\AndroidManifest.xml:89:13-63
	android:theme
		ADDED from src\main\AndroidManifest.xml:92:13-55
	android:name
		ADDED from src\main\AndroidManifest.xml:88:13-62
activity#com.trac.android.tractivity.V1.menu.activities.NoteiTrac
ADDED from src\main\AndroidManifest.xml:94:9-100:63
	android:screenOrientation
		ADDED from src\main\AndroidManifest.xml:98:13-49
	android:label
		ADDED from src\main\AndroidManifest.xml:97:13-45
	android:windowSoftInputMode
		ADDED from src\main\AndroidManifest.xml:100:13-60
	android:configChanges
		ADDED from src\main\AndroidManifest.xml:96:13-63
	android:theme
		ADDED from src\main\AndroidManifest.xml:99:13-55
	android:name
		ADDED from src\main\AndroidManifest.xml:95:13-54
activity#com.trac.android.tractivity.V1.menu.activities.JobDetailsiTrac
ADDED from src\main\AndroidManifest.xml:101:9-107:63
	android:screenOrientation
		ADDED from src\main\AndroidManifest.xml:105:13-49
	android:label
		ADDED from src\main\AndroidManifest.xml:104:13-45
	android:windowSoftInputMode
		ADDED from src\main\AndroidManifest.xml:107:13-60
	android:configChanges
		ADDED from src\main\AndroidManifest.xml:103:13-63
	android:theme
		ADDED from src\main\AndroidManifest.xml:106:13-55
	android:name
		ADDED from src\main\AndroidManifest.xml:102:13-60
activity#com.trac.android.tractivity.V1.menu.activities.AboutTractivity
ADDED from src\main\AndroidManifest.xml:108:9-113:63
	android:screenOrientation
		ADDED from src\main\AndroidManifest.xml:112:13-49
	android:label
		ADDED from src\main\AndroidManifest.xml:111:13-45
	android:windowSoftInputMode
		ADDED from src\main\AndroidManifest.xml:113:13-60
	android:configChanges
		ADDED from src\main\AndroidManifest.xml:110:13-63
	android:name
		ADDED from src\main\AndroidManifest.xml:109:13-60
service#com.trac.android.tractivity.backgroundtask.TractivitySyncService
ADDED from src\main\AndroidManifest.xml:115:9-117:40
	android:exported
		ADDED from src\main\AndroidManifest.xml:117:13-37
	android:name
		ADDED from src\main\AndroidManifest.xml:116:13-92
activity#com.trac.android.tractivity.W2S.Jobs
ADDED from src\main\AndroidManifest.xml:119:9-126:20
	android:screenOrientation
		ADDED from src\main\AndroidManifest.xml:123:13-49
	android:label
		ADDED from src\main\AndroidManifest.xml:122:13-45
	android:windowSoftInputMode
		ADDED from src\main\AndroidManifest.xml:124:13-60
	android:configChanges
		ADDED from src\main\AndroidManifest.xml:121:13-63
	android:name
		ADDED from src\main\AndroidManifest.xml:120:13-64
activity#com.trac.android.tractivity.W2S.JobDetails
ADDED from src\main\AndroidManifest.xml:127:9-132:63
	android:screenOrientation
		ADDED from src\main\AndroidManifest.xml:131:13-49
	android:label
		ADDED from src\main\AndroidManifest.xml:130:13-45
	android:windowSoftInputMode
		ADDED from src\main\AndroidManifest.xml:132:13-60
	android:configChanges
		ADDED from src\main\AndroidManifest.xml:129:13-63
	android:name
		ADDED from src\main\AndroidManifest.xml:128:13-70
activity#com.trac.android.tractivity.W2S.JobDetailedViewPage
ADDED from src\main\AndroidManifest.xml:133:9-137:72
	android:screenOrientation
		ADDED from src\main\AndroidManifest.xml:136:13-49
	android:label
		ADDED from src\main\AndroidManifest.xml:135:13-45
	android:windowSoftInputMode
		ADDED from src\main\AndroidManifest.xml:137:13-60
	android:configChanges
		ADDED from src\main\AndroidManifest.xml:134:13-63
	android:name
		ADDED from src\main\AndroidManifest.xml:133:19-85
activity#com.journeyapps.barcodescanner.CaptureActivity
ADDED from src\main\AndroidManifest.xml:139:9-144:20
MERGED from [com.journeyapps:zxing-android-embedded:3.0.2] AndroidManifest.xml:48:9-54:63
	android:screenOrientation
		ADDED from src\main\AndroidManifest.xml:141:13-49
		REJECTED from [com.journeyapps:zxing-android-embedded:3.0.2] AndroidManifest.xml:51:13-56
	android:clearTaskOnLaunch
		ADDED from [com.journeyapps:zxing-android-embedded:3.0.2] AndroidManifest.xml:50:13-45
	android:stateNotNeeded
		ADDED from [com.journeyapps:zxing-android-embedded:3.0.2] AndroidManifest.xml:52:13-42
	android:windowSoftInputMode
		ADDED from src\main\AndroidManifest.xml:142:13-60
	android:theme
		ADDED from [com.journeyapps:zxing-android-embedded:3.0.2] AndroidManifest.xml:53:13-54
	tools:replace
		ADDED from src\main\AndroidManifest.xml:143:13-46
	android:name
		ADDED from src\main\AndroidManifest.xml:140:13-74
uses-sdk
INJECTED from src\main\AndroidManifest.xml reason: use-sdk injection requested
MERGED from [Tractivity_Changes_Android:swipeListLib:unspecified] AndroidManifest.xml:7:5-9:41
MERGED from [com.android.support:appcompat-v7:19.1.0] AndroidManifest.xml:18:5-42
MERGED from [com.journeyapps:zxing-android-embedded:3.0.2] AndroidManifest.xml:19:5-21:41
	android:targetSdkVersion
		INJECTED from src\main\AndroidManifest.xml
		INJECTED from src\main\AndroidManifest.xml
	android:minSdkVersion
		INJECTED from src\main\AndroidManifest.xml
		INJECTED from src\main\AndroidManifest.xml
uses-permission#android.permission.CAMERA
ADDED from [com.journeyapps:zxing-android-embedded:3.0.2] AndroidManifest.xml:23:5-65
	android:name
		ADDED from [com.journeyapps:zxing-android-embedded:3.0.2] AndroidManifest.xml:23:22-62
uses-feature#android.hardware.camera
ADDED from [com.journeyapps:zxing-android-embedded:3.0.2] AndroidManifest.xml:26:5-28:36
	android:required
		ADDED from [com.journeyapps:zxing-android-embedded:3.0.2] AndroidManifest.xml:28:9-33
	android:name
		ADDED from [com.journeyapps:zxing-android-embedded:3.0.2] AndroidManifest.xml:27:9-47
uses-feature#android.hardware.camera.front
ADDED from [com.journeyapps:zxing-android-embedded:3.0.2] AndroidManifest.xml:29:5-31:36
	android:required
		ADDED from [com.journeyapps:zxing-android-embedded:3.0.2] AndroidManifest.xml:31:9-33
	android:name
		ADDED from [com.journeyapps:zxing-android-embedded:3.0.2] AndroidManifest.xml:30:9-53
uses-feature#android.hardware.camera.autofocus
ADDED from [com.journeyapps:zxing-android-embedded:3.0.2] AndroidManifest.xml:34:5-36:36
	android:required
		ADDED from [com.journeyapps:zxing-android-embedded:3.0.2] AndroidManifest.xml:36:9-33
	android:name
		ADDED from [com.journeyapps:zxing-android-embedded:3.0.2] AndroidManifest.xml:35:9-57
uses-feature#android.hardware.camera.flash
ADDED from [com.journeyapps:zxing-android-embedded:3.0.2] AndroidManifest.xml:37:5-39:36
	android:required
		ADDED from [com.journeyapps:zxing-android-embedded:3.0.2] AndroidManifest.xml:39:9-33
	android:name
		ADDED from [com.journeyapps:zxing-android-embedded:3.0.2] AndroidManifest.xml:38:9-53
uses-feature#android.hardware.screen.landscape
ADDED from [com.journeyapps:zxing-android-embedded:3.0.2] AndroidManifest.xml:40:5-42:36
	android:required
		ADDED from [com.journeyapps:zxing-android-embedded:3.0.2] AndroidManifest.xml:42:9-33
	android:name
		ADDED from [com.journeyapps:zxing-android-embedded:3.0.2] AndroidManifest.xml:41:9-57
uses-feature#android.hardware.wifi
ADDED from [com.journeyapps:zxing-android-embedded:3.0.2] AndroidManifest.xml:43:5-45:36
	android:required
		ADDED from [com.journeyapps:zxing-android-embedded:3.0.2] AndroidManifest.xml:45:9-33
	android:name
		ADDED from [com.journeyapps:zxing-android-embedded:3.0.2] AndroidManifest.xml:44:9-45